This file contains any messages produced by compilers while
running configure, to aid debugging if configure makes a mistake.

It was created by amhello configure 1.0, which was
generated by GNU Autoconf 2.71.  Invocation command line was

  $ ./configure --prefix=/Users/aecg/usr

## --------- ##
## Platform. ##
## --------- ##

hostname = aecg
uname -m = x86_64
uname -r = 21.6.0
uname -s = Darwin
uname -v = Darwin Kernel Version 21.6.0: Thu Jul  6 22:18:26 PDT 2023; root:xnu-8020.240.18.702.13~1/RELEASE_X86_64

/usr/bin/uname -p = i386
/bin/uname -X     = unknown

/bin/arch              = unknown
/usr/bin/arch -k       = unknown
/usr/convex/getsysinfo = unknown
/usr/bin/hostinfo      = Mach kernel version:
	 Darwin Kernel Version 21.6.0: Thu Jul  6 22:18:26 PDT 2023; root:xnu-8020.240.18.702.13~1/RELEASE_X86_64
Kernel configured for up to 8 processors.
4 processors are physically available.
8 processors are logically available.
Processor type: x86_64h (Intel x86-64h Haswell)
Processors active: 0 1 2 3 4 5 6 7
Primary memory available: 16.00 gigabytes
Default processor set: 455 tasks, 2950 threads, 8 processors
Load average: 1.10, Mach factor: 6.89
/bin/machine           = unknown
/usr/bin/oslevel       = unknown
/bin/universe          = unknown

PATH: /usr/local/opt/sphinx-doc/bin/
PATH: /Users/aecg/jadx-1.4.7/bin/
PATH: /Users/aecg/bin/
PATH: /Volumes/APFS_ZYP/Android/bin/
PATH: /Volumes/APFS_ZYP/Android/AOSP/android-10.0.0_r41/out/host/darwin-x86/bin/
PATH: /Users/aecg/go/go1.11/bin/
PATH: /Applications/Android Studio.app/Contents/MacOS/
PATH: /Applications/CLion.app/Contents/MacOS/
PATH: /Applications/Android Studio.app/Contents/jbr/Contents/Home/bin/
PATH: /usr/bin/
PATH: /usr/local/bin/
PATH: /usr/sbin/
PATH: /bin/
PATH: /sbin/
PATH: /usr/X11R6/bin/
PATH: /usr/bin/
PATH: /Users/aecg/keytool-importkeypair/
PATH: /Users/aecg/Library/Android/sdk/platform-tools/
PATH: /Library/Frameworks/Python.framework/Versions/2.7/bin/
PATH: /usr/local/bin/
PATH: /usr/bin/
PATH: /bin/
PATH: /usr/sbin/
PATH: /sbin/
PATH: /Applications/VMware Fusion.app/Contents/Public/
PATH: /Library/Apple/usr/bin/
PATH: /Applications/Wireshark.app/Contents/MacOS/
PATH: /Users/aecg/Library/Android/sdk/tools/
PATH: /Users/aecg/Library/Android/sdk/tools/bin/
PATH: /Users/aecg/Library/Android/sdk/platform-tools/
PATH: /Users/aecg/Library/Android/sdk/ndk-bundle/
PATH: /Users/aecg/Library/Android/sdk/ndk-bundle/


## ----------- ##
## Core tests. ##
## ----------- ##

configure:1747: loading site script /Users/aecg/usr/share/config.site
| test -z "$CC" && CC=gcc-12
| test -z "$CPPFLAGS" && CPPFLAGS=-I$HOME/usr/include
| test -z "$LDFLAGS" && LDFLAGS=-L$HOME/usr/libconfigure:2097: looking for aux files: compile missing install-sh
configure:2110:  trying ./
configure:2139:   ./compile found
configure:2139:   ./missing found
configure:2121:   ./install-sh found
configure:2268: checking for a BSD-compatible install
configure:2341: result: /usr/bin/install -c
configure:2352: checking whether build environment is sane
configure:2407: result: yes
configure:2566: checking for a race-free mkdir -p
configure:2610: result: /usr/local/bin/gmkdir -p
configure:2617: checking for gawk
configure:2652: result: no
configure:2617: checking for mawk
configure:2652: result: no
configure:2617: checking for nawk
configure:2652: result: no
configure:2617: checking for awk
configure:2638: found /usr/bin/awk
configure:2649: result: awk
configure:2660: checking whether make sets $(MAKE)
configure:2683: result: yes
configure:2713: checking whether make supports nested variables
configure:2731: result: yes
configure:2929: checking for gcc
configure:2961: result: gcc-12
configure:3314: checking for C compiler version
configure:3323: gcc-12 --version >&5
gcc-12 (Homebrew GCC 12.3.0) 12.3.0
Copyright (C) 2022 Free Software Foundation, Inc.
This is free software; see the source for copying conditions.  There is NO
warranty; not even for MERCHANTABILITY or FITNESS FOR A PARTICULAR PURPOSE.

configure:3334: $? = 0
configure:3323: gcc-12 -v >&5
Using built-in specs.
COLLECT_GCC=gcc-12
COLLECT_LTO_WRAPPER=/usr/local/Cellar/gcc@12/12.3.0/bin/../libexec/gcc/x86_64-apple-darwin21/12/lto-wrapper
Target: x86_64-apple-darwin21
Configured with: ../configure --prefix=/usr/local/opt/gcc@12 --libdir=/usr/local/opt/gcc@12/lib/gcc/12 --disable-nls --enable-checking=release --with-gcc-major-version-only --enable-languages=c,c++,objc,obj-c++,fortran --program-suffix=-12 --with-gmp=/usr/local/opt/gmp --with-mpfr=/usr/local/opt/mpfr --with-mpc=/usr/local/opt/libmpc --with-isl=/usr/local/opt/isl --with-zstd=/usr/local/opt/zstd --with-pkgversion='Homebrew GCC 12.3.0' --with-bugurl=https://github.com/Homebrew/homebrew-core/issues --with-system-zlib --build=x86_64-apple-darwin21 --with-sysroot=/Library/Developer/CommandLineTools/SDKs/MacOSX12.sdk
Thread model: posix
Supported LTO compression algorithms: zlib zstd
gcc version 12.3.0 (Homebrew GCC 12.3.0) 
configure:3334: $? = 0
configure:3323: gcc-12 -V >&5
gcc-12: error: unrecognized command-line option '-V'
gcc-12: fatal error: no input files
compilation terminated.
configure:3334: $? = 1
configure:3323: gcc-12 -qversion >&5
gcc-12: error: unrecognized command-line option '-qversion'; did you mean '--version'?
gcc-12: fatal error: no input files
compilation terminated.
configure:3334: $? = 1
configure:3323: gcc-12 -version >&5
gcc-12: error: unrecognized command-line option '-version'
gcc-12: fatal error: no input files
compilation terminated.
configure:3334: $? = 1
configure:3354: checking whether the C compiler works
configure:3376: gcc-12  -I/Users/aecg/usr/include -L/Users/aecg/usr/lib conftest.c  >&5
ld: warning: directory not found for option '-L/Users/aecg/usr/lib'
configure:3380: $? = 0
configure:3430: result: yes
configure:3433: checking for C compiler default output file name
configure:3435: result: a.out
configure:3441: checking for suffix of executables
configure:3448: gcc-12 -o conftest  -I/Users/aecg/usr/include -L/Users/aecg/usr/lib conftest.c  >&5
ld: warning: directory not found for option '-L/Users/aecg/usr/lib'
configure:3452: $? = 0
configure:3475: result: 
configure:3497: checking whether we are cross compiling
configure:3505: gcc-12 -o conftest  -I/Users/aecg/usr/include -L/Users/aecg/usr/lib conftest.c  >&5
ld: warning: directory not found for option '-L/Users/aecg/usr/lib'
configure:3509: $? = 0
configure:3516: ./conftest
configure:3520: $? = 0
configure:3535: result: no
configure:3540: checking for suffix of object files
configure:3563: gcc-12 -c  -I/Users/aecg/usr/include conftest.c >&5
configure:3567: $? = 0
configure:3589: result: o
configure:3593: checking whether the compiler supports GNU C
configure:3613: gcc-12 -c  -I/Users/aecg/usr/include conftest.c >&5
configure:3613: $? = 0
configure:3623: result: yes
configure:3634: checking whether gcc-12 accepts -g
configure:3655: gcc-12 -c -g -I/Users/aecg/usr/include conftest.c >&5
configure:3655: $? = 0
configure:3699: result: yes
configure:3719: checking for gcc-12 option to enable C11 features
configure:3734: gcc-12  -c -g -O2 -I/Users/aecg/usr/include conftest.c >&5
configure:3734: $? = 0
configure:3752: result: none needed
configure:3868: checking whether gcc-12 understands -c and -o together
configure:3891: gcc-12 -c conftest.c -o conftest2.o
configure:3894: $? = 0
configure:3891: gcc-12 -c conftest.c -o conftest2.o
configure:3894: $? = 0
configure:3906: result: yes
configure:3926: checking whether make supports the include directive
configure:3941: make -f confmf.GNU && cat confinc.out
this is the am__doit target
configure:3944: $? = 0
configure:3963: result: yes (GNU style)
configure:3989: checking dependency style of gcc-12
configure:4101: result: gcc3
configure:4229: checking that generated files are newer than configure
configure:4235: result: done
configure:4258: creating ./config.status

## ---------------------- ##
## Running config.status. ##
## ---------------------- ##

This file was extended by amhello config.status 1.0, which was
generated by GNU Autoconf 2.71.  Invocation command line was

  CONFIG_FILES    = 
  CONFIG_HEADERS  = 
  CONFIG_LINKS    = 
  CONFIG_COMMANDS = 
  $ ./config.status 

on aecg

config.status:837: creating Makefile
config.status:837: creating src/Makefile
config.status:837: creating config.h
config.status:1018: config.h is unchanged
config.status:1066: executing depfiles commands
config.status:1143: cd src       && sed -e '/# am--include-marker/d' Makefile         | make -f - am--depfiles
make: Nothing to be done for `am--depfiles'.
config.status:1148: $? = 0

## ---------------- ##
## Cache variables. ##
## ---------------- ##

ac_cv_c_compiler_gnu=yes
ac_cv_env_CC_set=
ac_cv_env_CC_value=
ac_cv_env_CFLAGS_set=
ac_cv_env_CFLAGS_value=
ac_cv_env_CPPFLAGS_set=
ac_cv_env_CPPFLAGS_value=
ac_cv_env_LDFLAGS_set=
ac_cv_env_LDFLAGS_value=
ac_cv_env_LIBS_set=
ac_cv_env_LIBS_value=
ac_cv_env_build_alias_set=
ac_cv_env_build_alias_value=
ac_cv_env_host_alias_set=
ac_cv_env_host_alias_value=
ac_cv_env_target_alias_set=
ac_cv_env_target_alias_value=
ac_cv_objext=o
ac_cv_path_install='/usr/bin/install -c'
ac_cv_path_mkdir=/usr/local/bin/gmkdir
ac_cv_prog_AWK=awk
ac_cv_prog_ac_ct_CC=gcc-12
ac_cv_prog_cc_c11=
ac_cv_prog_cc_g=yes
ac_cv_prog_cc_stdc=
ac_cv_prog_make_make_set=yes
am_cv_CC_dependencies_compiler_type=gcc3
am_cv_make_support_nested_variables=yes
am_cv_prog_cc_c_o=yes

## ----------------- ##
## Output variables. ##
## ----------------- ##

ACLOCAL='${SHELL} '\''/Users/aecg/CLionProjects/LearnC/amhello-1.0/missing'\'' aclocal-1.16'
AMDEPBACKSLASH='\'
AMDEP_FALSE='#'
AMDEP_TRUE=''
AMTAR='$${TAR-tar}'
AM_BACKSLASH='\'
AM_DEFAULT_V='$(AM_DEFAULT_VERBOSITY)'
AM_DEFAULT_VERBOSITY='1'
AM_V='$(V)'
AUTOCONF='${SHELL} '\''/Users/aecg/CLionProjects/LearnC/amhello-1.0/missing'\'' autoconf'
AUTOHEADER='${SHELL} '\''/Users/aecg/CLionProjects/LearnC/amhello-1.0/missing'\'' autoheader'
AUTOMAKE='${SHELL} '\''/Users/aecg/CLionProjects/LearnC/amhello-1.0/missing'\'' automake-1.16'
AWK='awk'
CC='gcc-12'
CCDEPMODE='depmode=gcc3'
CFLAGS='-g -O2'
CPPFLAGS='-I/Users/aecg/usr/include'
CSCOPE='cscope'
CTAGS='ctags'
CYGPATH_W='echo'
DEFS='-DHAVE_CONFIG_H'
DEPDIR='.deps'
ECHO_C='\c'
ECHO_N=''
ECHO_T=''
ETAGS='etags'
EXEEXT=''
INSTALL_DATA='${INSTALL} -m 644'
INSTALL_PROGRAM='${INSTALL}'
INSTALL_SCRIPT='${INSTALL}'
INSTALL_STRIP_PROGRAM='$(install_sh) -c -s'
LDFLAGS='-L/Users/aecg/usr/lib'
LIBOBJS=''
LIBS=''
LTLIBOBJS=''
MAKEINFO='${SHELL} '\''/Users/aecg/CLionProjects/LearnC/amhello-1.0/missing'\'' makeinfo'
MKDIR_P='/usr/local/bin/gmkdir -p'
OBJEXT='o'
PACKAGE='amhello'
PACKAGE_BUGREPORT='bug-automake@gnu.org'
PACKAGE_NAME='amhello'
PACKAGE_STRING='amhello 1.0'
PACKAGE_TARNAME='amhello'
PACKAGE_URL=''
PACKAGE_VERSION='1.0'
PATH_SEPARATOR=':'
SET_MAKE=''
SHELL='/bin/sh'
STRIP=''
VERSION='1.0'
ac_ct_CC='gcc-12'
am__EXEEXT_FALSE=''
am__EXEEXT_TRUE='#'
am__fastdepCC_FALSE='#'
am__fastdepCC_TRUE=''
am__include='include'
am__isrc=''
am__leading_dot='.'
am__nodep='_no'
am__quote=''
am__tar='$${TAR-tar} chof - "$$tardir"'
am__untar='$${TAR-tar} xf -'
bindir='${exec_prefix}/bin'
build_alias=''
datadir='${datarootdir}'
datarootdir='${prefix}/share'
docdir='${datarootdir}/doc/${PACKAGE_TARNAME}'
dvidir='${docdir}'
exec_prefix='${prefix}'
host_alias=''
htmldir='${docdir}'
includedir='${prefix}/include'
infodir='${datarootdir}/info'
install_sh='${SHELL} /Users/aecg/CLionProjects/LearnC/amhello-1.0/install-sh'
libdir='${exec_prefix}/lib'
libexecdir='${exec_prefix}/libexec'
localedir='${datarootdir}/locale'
localstatedir='${prefix}/var'
mandir='${datarootdir}/man'
mkdir_p='$(MKDIR_P)'
oldincludedir='/usr/include'
pdfdir='${docdir}'
prefix='/Users/aecg/usr'
program_transform_name='s,x,x,'
psdir='${docdir}'
runstatedir='${localstatedir}/run'
sbindir='${exec_prefix}/sbin'
sharedstatedir='${prefix}/com'
sysconfdir='${prefix}/etc'
target_alias=''

## ----------- ##
## confdefs.h. ##
## ----------- ##

/* confdefs.h */
#define PACKAGE_NAME "amhello"
#define PACKAGE_TARNAME "amhello"
#define PACKAGE_VERSION "1.0"
#define PACKAGE_STRING "amhello 1.0"
#define PACKAGE_BUGREPORT "bug-automake@gnu.org"
#define PACKAGE_URL ""
#define PACKAGE "amhello"
#define VERSION "1.0"

configure: exit 0
